<?xml version="1.0" encoding="UTF-8"?>
<!-- Generated by org.testng.reporters.JUnitReportReporter -->
<testsuite hostname="JessesHP" failures="0" tests="1" name="testCases.TC_005" time="12.999" errors="0" timestamp="2023-11-21T14:38:16 EST" skipped="0">
  <testcase classname="testCases.TC_005" name="test4" time="12.999"/>
</testsuite> <!-- testCases.TC_005 -->
