<?xml version="1.0" encoding="UTF-8"?>
<!-- Generated by org.testng.reporters.JUnitReportReporter -->
<testsuite hostname="JessesHP" failures="0" tests="1" name="testCases.TC_009" time="16.664" errors="0" timestamp="2023-11-21T15:23:14 EST" skipped="0">
  <testcase classname="testCases.TC_009" name="test9" time="16.664"/>
</testsuite> <!-- testCases.TC_009 -->
