<?xml version="1.0" encoding="UTF-8"?>
<!-- Generated by org.testng.reporters.JUnitReportReporter -->
<testsuite hostname="JessesHP" failures="0" tests="1" name="testCases.TC_003" time="6.751" errors="0" timestamp="2023-11-21T14:22:35 EST" skipped="0">
  <testcase classname="testCases.TC_003" name="test3" time="6.751"/>
</testsuite> <!-- testCases.TC_003 -->
