<?xml version="1.0" encoding="UTF-8"?>
<!-- Generated by org.testng.reporters.JUnitReportReporter -->
<testsuite hostname="JessesHP" failures="0" tests="1" name="testCases.TC_007" time="16.497" errors="0" timestamp="2023-11-21T15:23:14 EST" skipped="0">
  <testcase classname="testCases.TC_007" name="test7" time="16.497"/>
</testsuite> <!-- testCases.TC_007 -->
