<?xml version="1.0" encoding="UTF-8"?>
<!-- Generated by org.testng.reporters.JUnitReportReporter -->
<testsuite hostname="JessesHP" failures="0" tests="1" name="testCases.TC_001" time="7.955" errors="0" timestamp="2023-11-21T14:34:49 EST" skipped="0">
  <testcase classname="testCases.TC_001" name="test1" time="7.955"/>
</testsuite> <!-- testCases.TC_001 -->
