<?xml version="1.0" encoding="UTF-8"?>
<!-- Generated by org.testng.reporters.JUnitReportReporter -->
<testsuite hostname="JessesHP" failures="0" tests="1" name="testCases.TC_004" time="9.379" errors="0" timestamp="2023-11-21T14:27:17 EST" skipped="0">
  <testcase classname="testCases.TC_004" name="test4" time="9.379"/>
</testsuite> <!-- testCases.TC_004 -->
