<?xml version="1.0" encoding="UTF-8"?>
<!-- Generated by org.testng.reporters.JUnitReportReporter -->
<testsuite hostname="JessesHP" failures="0" tests="1" name="testCases.TC_002" time="6.558" errors="0" timestamp="2023-11-21T14:24:29 EST" skipped="0">
  <testcase classname="testCases.TC_002" name="test2" time="6.558"/>
</testsuite> <!-- testCases.TC_002 -->
